{"C:\\javascript-projects\\scratch\\Client-Side\\src\\component\\content.js": {"path":"C:\\javascript-projects\\scratch\\Client-Side\\src\\component\\content.js","statementMap":{"0":{"start":{"line":6,"column":14},"end":{"line":6,"column":24}},"1":{"start":{"line":7,"column":15},"end":{"line":7,"column":37}},"2":{"start":{"line":8,"column":26},"end":{"line":51,"column":6}},"3":{"start":{"line":53,"column":4},"end":{"line":93,"column":5}},"4":{"start":{"line":73,"column":37},"end":{"line":73,"column":56}},"5":{"start":{"line":74,"column":38},"end":{"line":74,"column":82}},"6":{"start":{"line":75,"column":24},"end":{"line":88,"column":25}}},"fnMap":{"0":{"name":"Content","decl":{"start":{"line":5,"column":24},"end":{"line":5,"column":31}},"loc":{"start":{"line":5,"column":34},"end":{"line":94,"column":1}},"line":5},"1":{"name":"(anonymous_1)","decl":{"start":{"line":72,"column":36},"end":{"line":72,"column":37}},"loc":{"start":{"line":72,"column":45},"end":{"line":89,"column":21}},"line":72}},"branchMap":{"0":{"loc":{"start":{"line":74,"column":38},"end":{"line":74,"column":82}},"type":"cond-expr","locations":[{"start":{"line":74,"column":53},"end":{"line":74,"column":76}},{"start":{"line":74,"column":78},"end":{"line":74,"column":82}}],"line":74}},"s":{"0":2,"1":2,"2":2,"3":2,"4":12,"5":12,"6":12},"f":{"0":2,"1":12},"b":{"0":[10,2]},"_coverageSchema":"1a1c01bbd47fc00a2c39e90264f33305004495a9","hash":"72c5888e9a6074812c5ab3f09b9e0cd52610c83e"}
,"C:\\javascript-projects\\scratch\\Client-Side\\src\\component\\dropMenu.js": {"path":"C:\\javascript-projects\\scratch\\Client-Side\\src\\component\\dropMenu.js","statementMap":{"0":{"start":{"line":8,"column":19},"end":{"line":8,"column":24}},"1":{"start":{"line":9,"column":21},"end":{"line":9,"column":34}},"2":{"start":{"line":10,"column":19},"end":{"line":13,"column":5}},"3":{"start":{"line":11,"column":8},"end":{"line":11,"column":28}},"4":{"start":{"line":12,"column":8},"end":{"line":12,"column":26}},"5":{"start":{"line":14,"column":16},"end":{"line":14,"column":43}},"6":{"start":{"line":16,"column":4},"end":{"line":44,"column":5}}},"fnMap":{"0":{"name":"DropMenu","decl":{"start":{"line":7,"column":24},"end":{"line":7,"column":32}},"loc":{"start":{"line":7,"column":40},"end":{"line":45,"column":1}},"line":7},"1":{"name":"(anonymous_1)","decl":{"start":{"line":10,"column":19},"end":{"line":10,"column":20}},"loc":{"start":{"line":10,"column":25},"end":{"line":13,"column":5}},"line":10}},"branchMap":{},"s":{"0":2,"1":2,"2":2,"3":0,"4":0,"5":2,"6":2},"f":{"0":2,"1":0},"b":{},"_coverageSchema":"1a1c01bbd47fc00a2c39e90264f33305004495a9","hash":"0e8b03b1b177062a103162846f62a2e4108eac24"}
,"C:\\javascript-projects\\scratch\\Client-Side\\src\\component\\submit.js": {"path":"C:\\javascript-projects\\scratch\\Client-Side\\src\\component\\submit.js","statementMap":{"0":{"start":{"line":4,"column":29},"end":{"line":4,"column":34}},"1":{"start":{"line":5,"column":4},"end":{"line":17,"column":5}}},"fnMap":{"0":{"name":"Submit","decl":{"start":{"line":3,"column":24},"end":{"line":3,"column":30}},"loc":{"start":{"line":3,"column":38},"end":{"line":18,"column":1}},"line":3}},"branchMap":{},"s":{"0":3,"1":3},"f":{"0":3},"b":{},"_coverageSchema":"1a1c01bbd47fc00a2c39e90264f33305004495a9","hash":"9e7671b270d5cc6aa01ad7fb84735257db7eb076"}
,"C:\\javascript-projects\\scratch\\Client-Side\\src\\component\\uploadImage.js": {"path":"C:\\javascript-projects\\scratch\\Client-Side\\src\\component\\uploadImage.js","statementMap":{"0":{"start":{"line":5,"column":16},"end":{"line":5,"column":43}},"1":{"start":{"line":6,"column":34},"end":{"line":6,"column":49}},"2":{"start":{"line":7,"column":30},"end":{"line":7,"column":43}},"3":{"start":{"line":9,"column":24},"end":{"line":28,"column":5}},"4":{"start":{"line":10,"column":22},"end":{"line":10,"column":36}},"5":{"start":{"line":11,"column":21},"end":{"line":11,"column":35}},"6":{"start":{"line":12,"column":8},"end":{"line":12,"column":37}},"7":{"start":{"line":13,"column":8},"end":{"line":13,"column":51}},"8":{"start":{"line":14,"column":8},"end":{"line":14,"column":24}},"9":{"start":{"line":16,"column":20},"end":{"line":20,"column":10}},"10":{"start":{"line":22,"column":21},"end":{"line":22,"column":37}},"11":{"start":{"line":23,"column":8},"end":{"line":23,"column":25}},"12":{"start":{"line":24,"column":8},"end":{"line":24,"column":33}},"13":{"start":{"line":25,"column":8},"end":{"line":25,"column":25}},"14":{"start":{"line":27,"column":8},"end":{"line":27,"column":52}},"15":{"start":{"line":30,"column":4},"end":{"line":47,"column":5}}},"fnMap":{"0":{"name":"Upload","decl":{"start":{"line":4,"column":9},"end":{"line":4,"column":15}},"loc":{"start":{"line":4,"column":18},"end":{"line":48,"column":1}},"line":4},"1":{"name":"(anonymous_1)","decl":{"start":{"line":9,"column":24},"end":{"line":9,"column":25}},"loc":{"start":{"line":9,"column":37},"end":{"line":28,"column":5}},"line":9}},"branchMap":{},"s":{"0":1,"1":1,"2":1,"3":1,"4":0,"5":0,"6":0,"7":0,"8":0,"9":0,"10":0,"11":0,"12":0,"13":0,"14":0,"15":1},"f":{"0":1,"1":0},"b":{},"_coverageSchema":"1a1c01bbd47fc00a2c39e90264f33305004495a9","hash":"892fb882aa71fc5b626e718daaa203b80e280aa6"}
,"C:\\javascript-projects\\scratch\\Client-Side\\src\\pages\\profilePlayer.js": {"path":"C:\\javascript-projects\\scratch\\Client-Side\\src\\pages\\profilePlayer.js","statementMap":{"0":{"start":{"line":10,"column":21},"end":{"line":10,"column":34}},"1":{"start":{"line":11,"column":21},"end":{"line":11,"column":34}},"2":{"start":{"line":12,"column":19},"end":{"line":12,"column":30}},"3":{"start":{"line":13,"column":15},"end":{"line":13,"column":24}},"4":{"start":{"line":14,"column":20},"end":{"line":14,"column":70}},"5":{"start":{"line":14,"column":43},"end":{"line":14,"column":69}},"6":{"start":{"line":15,"column":64},"end":{"line":15,"column":114}},"7":{"start":{"line":15,"column":87},"end":{"line":15,"column":113}},"8":{"start":{"line":17,"column":4},"end":{"line":24,"column":12}},"9":{"start":{"line":18,"column":8},"end":{"line":18,"column":32}},"10":{"start":{"line":19,"column":8},"end":{"line":19,"column":39}},"11":{"start":{"line":20,"column":8},"end":{"line":20,"column":38}},"12":{"start":{"line":21,"column":8},"end":{"line":23,"column":9}},"13":{"start":{"line":22,"column":12},"end":{"line":22,"column":30}},"14":{"start":{"line":25,"column":4},"end":{"line":48,"column":5}}},"fnMap":{"0":{"name":"ProfilePlayer","decl":{"start":{"line":9,"column":24},"end":{"line":9,"column":37}},"loc":{"start":{"line":9,"column":40},"end":{"line":49,"column":1}},"line":9},"1":{"name":"(anonymous_1)","decl":{"start":{"line":14,"column":32},"end":{"line":14,"column":33}},"loc":{"start":{"line":14,"column":43},"end":{"line":14,"column":69}},"line":14},"2":{"name":"(anonymous_2)","decl":{"start":{"line":15,"column":76},"end":{"line":15,"column":77}},"loc":{"start":{"line":15,"column":87},"end":{"line":15,"column":113}},"line":15},"3":{"name":"(anonymous_3)","decl":{"start":{"line":17,"column":14},"end":{"line":17,"column":15}},"loc":{"start":{"line":17,"column":19},"end":{"line":24,"column":7}},"line":17}},"branchMap":{"0":{"loc":{"start":{"line":21,"column":8},"end":{"line":23,"column":9}},"type":"if","locations":[{"start":{"line":21,"column":8},"end":{"line":23,"column":9}},{"start":{},"end":{}}],"line":21}},"s":{"0":0,"1":0,"2":0,"3":0,"4":0,"5":0,"6":0,"7":0,"8":0,"9":0,"10":0,"11":0,"12":0,"13":0,"14":0},"f":{"0":0,"1":0,"2":0,"3":0},"b":{"0":[0,0]}}
,"C:\\javascript-projects\\scratch\\Client-Side\\src\\pages\\rock-paper-scissors.js": {"path":"C:\\javascript-projects\\scratch\\Client-Side\\src\\pages\\rock-paper-scissors.js","statementMap":{"0":{"start":{"line":10,"column":13},"end":{"line":169,"column":1}},"1":{"start":{"line":11,"column":38},"end":{"line":11,"column":52}},"2":{"start":{"line":12,"column":46},"end":{"line":12,"column":64}},"3":{"start":{"line":13,"column":38},"end":{"line":13,"column":49}},"4":{"start":{"line":14,"column":46},"end":{"line":14,"column":57}},"5":{"start":{"line":15,"column":38},"end":{"line":15,"column":52}},"6":{"start":{"line":16,"column":30},"end":{"line":16,"column":41}},"7":{"start":{"line":17,"column":34},"end":{"line":17,"column":49}},"8":{"start":{"line":18,"column":18},"end":{"line":18,"column":41}},"9":{"start":{"line":20,"column":19},"end":{"line":20,"column":32}},"10":{"start":{"line":21,"column":16},"end":{"line":21,"column":44}},"11":{"start":{"line":23,"column":24},"end":{"line":23,"column":74}},"12":{"start":{"line":23,"column":47},"end":{"line":23,"column":73}},"13":{"start":{"line":25,"column":22},"end":{"line":43,"column":3}},"14":{"start":{"line":26,"column":4},"end":{"line":26,"column":22}},"15":{"start":{"line":27,"column":16},"end":{"line":27,"column":67}},"16":{"start":{"line":28,"column":17},"end":{"line":31,"column":5}},"17":{"start":{"line":32,"column":4},"end":{"line":42,"column":5}},"18":{"start":{"line":34,"column":8},"end":{"line":34,"column":24}},"19":{"start":{"line":35,"column":8},"end":{"line":35,"column":31}},"20":{"start":{"line":39,"column":10},"end":{"line":39,"column":26}},"21":{"start":{"line":40,"column":10},"end":{"line":40,"column":33}},"22":{"start":{"line":45,"column":22},"end":{"line":48,"column":3}},"23":{"start":{"line":46,"column":4},"end":{"line":46,"column":24}},"24":{"start":{"line":47,"column":4},"end":{"line":47,"column":28}},"25":{"start":{"line":50,"column":33},"end":{"line":53,"column":3}},"26":{"start":{"line":51,"column":25},"end":{"line":51,"column":76}},"27":{"start":{"line":52,"column":4},"end":{"line":52,"column":35}},"28":{"start":{"line":55,"column":16},"end":{"line":64,"column":3}},"29":{"start":{"line":56,"column":4},"end":{"line":56,"column":21}},"30":{"start":{"line":57,"column":4},"end":{"line":57,"column":25}},"31":{"start":{"line":58,"column":4},"end":{"line":58,"column":21}},"32":{"start":{"line":59,"column":4},"end":{"line":59,"column":22}},"33":{"start":{"line":66,"column":2},"end":{"line":108,"column":34}},"34":{"start":{"line":69,"column":4},"end":{"line":69,"column":20}},"35":{"start":{"line":70,"column":4},"end":{"line":70,"column":37}},"36":{"start":{"line":71,"column":4},"end":{"line":107,"column":5}},"37":{"start":{"line":72,"column":8},"end":{"line":86,"column":7}},"38":{"start":{"line":77,"column":34},"end":{"line":77,"column":48}},"39":{"start":{"line":78,"column":8},"end":{"line":78,"column":40}},"40":{"start":{"line":79,"column":8},"end":{"line":79,"column":45}},"41":{"start":{"line":80,"column":8},"end":{"line":85,"column":9}},"42":{"start":{"line":81,"column":10},"end":{"line":81,"column":40}},"43":{"start":{"line":82,"column":10},"end":{"line":82,"column":28}},"44":{"start":{"line":83,"column":26},"end":{"line":83,"column":30}},"45":{"start":{"line":84,"column":10},"end":{"line":84,"column":30}},"46":{"start":{"line":88,"column":6},"end":{"line":102,"column":7}},"47":{"start":{"line":93,"column":38},"end":{"line":93,"column":56}},"48":{"start":{"line":94,"column":8},"end":{"line":94,"column":48}},"49":{"start":{"line":95,"column":8},"end":{"line":95,"column":49}},"50":{"start":{"line":96,"column":8},"end":{"line":101,"column":9}},"51":{"start":{"line":97,"column":10},"end":{"line":97,"column":42}},"52":{"start":{"line":98,"column":10},"end":{"line":98,"column":28}},"53":{"start":{"line":99,"column":26},"end":{"line":99,"column":30}},"54":{"start":{"line":100,"column":10},"end":{"line":100,"column":30}},"55":{"start":{"line":104,"column":6},"end":{"line":106,"column":7}},"56":{"start":{"line":105,"column":8},"end":{"line":105,"column":45}},"57":{"start":{"line":110,"column":2},"end":{"line":168,"column":3}},"58":{"start":{"line":139,"column":52},"end":{"line":139,"column":73}},"59":{"start":{"line":142,"column":52},"end":{"line":142,"column":69}},"60":{"start":{"line":145,"column":52},"end":{"line":145,"column":70}},"61":{"start":{"line":162,"column":64},"end":{"line":162,"column":71}}},"fnMap":{"0":{"name":"(anonymous_0)","decl":{"start":{"line":10,"column":13},"end":{"line":10,"column":14}},"loc":{"start":{"line":10,"column":19},"end":{"line":169,"column":1}},"line":10},"1":{"name":"(anonymous_1)","decl":{"start":{"line":23,"column":36},"end":{"line":23,"column":37}},"loc":{"start":{"line":23,"column":47},"end":{"line":23,"column":73}},"line":23},"2":{"name":"(anonymous_2)","decl":{"start":{"line":25,"column":22},"end":{"line":25,"column":23}},"loc":{"start":{"line":25,"column":29},"end":{"line":43,"column":3}},"line":25},"3":{"name":"(anonymous_3)","decl":{"start":{"line":33,"column":10},"end":{"line":33,"column":11}},"loc":{"start":{"line":33,"column":17},"end":{"line":36,"column":5}},"line":33},"4":{"name":"(anonymous_4)","decl":{"start":{"line":38,"column":8},"end":{"line":38,"column":9}},"loc":{"start":{"line":38,"column":15},"end":{"line":41,"column":9}},"line":38},"5":{"name":"(anonymous_5)","decl":{"start":{"line":45,"column":22},"end":{"line":45,"column":23}},"loc":{"start":{"line":45,"column":33},"end":{"line":48,"column":3}},"line":45},"6":{"name":"(anonymous_6)","decl":{"start":{"line":50,"column":33},"end":{"line":50,"column":34}},"loc":{"start":{"line":50,"column":39},"end":{"line":53,"column":3}},"line":50},"7":{"name":"(anonymous_7)","decl":{"start":{"line":55,"column":16},"end":{"line":55,"column":17}},"loc":{"start":{"line":55,"column":22},"end":{"line":64,"column":3}},"line":55},"8":{"name":"(anonymous_8)","decl":{"start":{"line":66,"column":12},"end":{"line":66,"column":13}},"loc":{"start":{"line":66,"column":18},"end":{"line":108,"column":3}},"line":66},"9":{"name":"(anonymous_9)","decl":{"start":{"line":139,"column":46},"end":{"line":139,"column":47}},"loc":{"start":{"line":139,"column":52},"end":{"line":139,"column":73}},"line":139},"10":{"name":"(anonymous_10)","decl":{"start":{"line":142,"column":46},"end":{"line":142,"column":47}},"loc":{"start":{"line":142,"column":52},"end":{"line":142,"column":69}},"line":142},"11":{"name":"(anonymous_11)","decl":{"start":{"line":145,"column":46},"end":{"line":145,"column":47}},"loc":{"start":{"line":145,"column":52},"end":{"line":145,"column":70}},"line":145},"12":{"name":"(anonymous_12)","decl":{"start":{"line":162,"column":58},"end":{"line":162,"column":59}},"loc":{"start":{"line":162,"column":64},"end":{"line":162,"column":71}},"line":162}},"branchMap":{"0":{"loc":{"start":{"line":71,"column":4},"end":{"line":107,"column":5}},"type":"if","locations":[{"start":{"line":71,"column":4},"end":{"line":107,"column":5}},{"start":{},"end":{}}],"line":71},"1":{"loc":{"start":{"line":71,"column":8},"end":{"line":71,"column":46}},"type":"binary-expr","locations":[{"start":{"line":71,"column":8},"end":{"line":71,"column":23}},{"start":{"line":71,"column":27},"end":{"line":71,"column":46}}],"line":71},"2":{"loc":{"start":{"line":72,"column":8},"end":{"line":86,"column":7}},"type":"if","locations":[{"start":{"line":72,"column":8},"end":{"line":86,"column":7}},{"start":{},"end":{}}],"line":72},"3":{"loc":{"start":{"line":73,"column":12},"end":{"line":75,"column":65}},"type":"binary-expr","locations":[{"start":{"line":73,"column":13},"end":{"line":73,"column":32}},{"start":{"line":73,"column":36},"end":{"line":73,"column":63}},{"start":{"line":74,"column":13},"end":{"line":74,"column":33}},{"start":{"line":74,"column":37},"end":{"line":74,"column":60}},{"start":{"line":75,"column":13},"end":{"line":75,"column":36}},{"start":{"line":75,"column":40},"end":{"line":75,"column":64}}],"line":73},"4":{"loc":{"start":{"line":80,"column":8},"end":{"line":85,"column":9}},"type":"if","locations":[{"start":{"line":80,"column":8},"end":{"line":85,"column":9}},{"start":{},"end":{}}],"line":80},"5":{"loc":{"start":{"line":88,"column":6},"end":{"line":102,"column":7}},"type":"if","locations":[{"start":{"line":88,"column":6},"end":{"line":102,"column":7}},{"start":{},"end":{}}],"line":88},"6":{"loc":{"start":{"line":89,"column":12},"end":{"line":91,"column":61}},"type":"binary-expr","locations":[{"start":{"line":89,"column":13},"end":{"line":89,"column":33}},{"start":{"line":89,"column":37},"end":{"line":89,"column":64}},{"start":{"line":90,"column":13},"end":{"line":90,"column":36}},{"start":{"line":90,"column":40},"end":{"line":90,"column":63}},{"start":{"line":91,"column":13},"end":{"line":91,"column":32}},{"start":{"line":91,"column":36},"end":{"line":91,"column":60}}],"line":89},"7":{"loc":{"start":{"line":96,"column":8},"end":{"line":101,"column":9}},"type":"if","locations":[{"start":{"line":96,"column":8},"end":{"line":101,"column":9}},{"start":{},"end":{}}],"line":96},"8":{"loc":{"start":{"line":104,"column":6},"end":{"line":106,"column":7}},"type":"if","locations":[{"start":{"line":104,"column":6},"end":{"line":106,"column":7}},{"start":{},"end":{}}],"line":104},"9":{"loc":{"start":{"line":112,"column":5},"end":{"line":115,"column":10}},"type":"binary-expr","locations":[{"start":{"line":112,"column":5},"end":{"line":112,"column":11}},{"start":{"line":113,"column":4},"end":{"line":115,"column":10}}],"line":112},"10":{"loc":{"start":{"line":154,"column":13},"end":{"line":159,"column":20}},"type":"binary-expr","locations":[{"start":{"line":154,"column":13},"end":{"line":154,"column":21}},{"start":{"line":155,"column":14},"end":{"line":159,"column":20}}],"line":154},"11":{"loc":{"start":{"line":161,"column":13},"end":{"line":162,"column":86}},"type":"binary-expr","locations":[{"start":{"line":161,"column":13},"end":{"line":161,"column":21}},{"start":{"line":162,"column":14},"end":{"line":162,"column":86}}],"line":161}},"s":{"0":1,"1":3,"2":2,"3":2,"4":2,"5":2,"6":2,"7":2,"8":2,"9":2,"10":2,"11":2,"12":2,"13":2,"14":0,"15":0,"16":0,"17":0,"18":0,"19":0,"20":0,"21":0,"22":2,"23":0,"24":0,"25":2,"26":0,"27":0,"28":2,"29":0,"30":0,"31":0,"32":0,"33":2,"34":1,"35":1,"36":1,"37":1,"38":1,"39":1,"40":1,"41":1,"42":0,"43":0,"44":0,"45":0,"46":1,"47":0,"48":0,"49":0,"50":0,"51":0,"52":0,"53":0,"54":0,"55":1,"56":0,"57":2,"58":0,"59":0,"60":0,"61":0},"f":{"0":3,"1":2,"2":0,"3":0,"4":0,"5":0,"6":0,"7":0,"8":1,"9":0,"10":0,"11":0,"12":0},"b":{"0":[1,0],"1":[1,1],"2":[1,0],"3":[1,1,0,0,0,0],"4":[0,1],"5":[0,1],"6":[1,0,1,0,1,1],"7":[0,0],"8":[0,1],"9":[2,2],"10":[2,0],"11":[2,0]},"_coverageSchema":"1a1c01bbd47fc00a2c39e90264f33305004495a9","hash":"a4c9f0eac659dc4b01232d27b1242d0517ed23b5"}
,"C:\\javascript-projects\\scratch\\Client-Side\\src\\redux\\combine.js": {"path":"C:\\javascript-projects\\scratch\\Client-Side\\src\\redux\\combine.js","statementMap":{},"fnMap":{},"branchMap":{},"s":{},"f":{},"b":{},"_coverageSchema":"1a1c01bbd47fc00a2c39e90264f33305004495a9","hash":"94a249fd8d2bdaec3d9d2fe10cdf8e737352e369"}
}
