TN:
SF:src\component\content.js
FN:5,Content
FN:72,(anonymous_1)
FNF:2
FNH:2
FNDA:2,Content
FNDA:12,(anonymous_1)
DA:6,2
DA:7,2
DA:8,2
DA:53,2
DA:73,12
DA:74,12
DA:75,12
LF:7
LH:7
BRDA:74,0,0,10
BRDA:74,0,1,2
BRF:2
BRH:2
end_of_record
TN:
SF:src\component\dropMenu.js
FN:7,DropMenu
FN:10,(anonymous_1)
FNF:2
FNH:1
FNDA:2,DropMenu
FNDA:0,(anonymous_1)
DA:8,2
DA:9,2
DA:10,2
DA:11,0
DA:12,0
DA:14,2
DA:16,2
LF:7
LH:5
BRF:0
BRH:0
end_of_record
TN:
SF:src\component\submit.js
FN:3,Submit
FNF:1
FNH:1
FNDA:3,Submit
DA:4,3
DA:5,3
LF:2
LH:2
BRF:0
BRH:0
end_of_record
TN:
SF:src\component\uploadImage.js
FN:4,Upload
FN:9,(anonymous_1)
FNF:2
FNH:1
FNDA:1,Upload
FNDA:0,(anonymous_1)
DA:5,1
DA:6,1
DA:7,1
DA:9,1
DA:10,0
DA:11,0
DA:12,0
DA:13,0
DA:14,0
DA:16,0
DA:22,0
DA:23,0
DA:24,0
DA:25,0
DA:27,0
DA:30,1
LF:16
LH:5
BRF:0
BRH:0
end_of_record
TN:
SF:src\pages\profilePlayer.js
FN:9,ProfilePlayer
FN:14,(anonymous_1)
FN:15,(anonymous_2)
FN:17,(anonymous_3)
FNF:4
FNH:0
FNDA:0,ProfilePlayer
FNDA:0,(anonymous_1)
FNDA:0,(anonymous_2)
FNDA:0,(anonymous_3)
DA:10,0
DA:11,0
DA:12,0
DA:13,0
DA:14,0
DA:15,0
DA:17,0
DA:18,0
DA:19,0
DA:20,0
DA:21,0
DA:22,0
DA:25,0
LF:13
LH:0
BRDA:21,0,0,0
BRDA:21,0,1,0
BRF:2
BRH:0
end_of_record
TN:
SF:src\pages\rock-paper-scissors.js
FN:10,(anonymous_0)
FN:23,(anonymous_1)
FN:25,(anonymous_2)
FN:33,(anonymous_3)
FN:38,(anonymous_4)
FN:45,(anonymous_5)
FN:50,(anonymous_6)
FN:55,(anonymous_7)
FN:66,(anonymous_8)
FN:139,(anonymous_9)
FN:142,(anonymous_10)
FN:145,(anonymous_11)
FN:162,(anonymous_12)
FNF:13
FNH:3
FNDA:3,(anonymous_0)
FNDA:2,(anonymous_1)
FNDA:0,(anonymous_2)
FNDA:0,(anonymous_3)
FNDA:0,(anonymous_4)
FNDA:0,(anonymous_5)
FNDA:0,(anonymous_6)
FNDA:0,(anonymous_7)
FNDA:1,(anonymous_8)
FNDA:0,(anonymous_9)
FNDA:0,(anonymous_10)
FNDA:0,(anonymous_11)
FNDA:0,(anonymous_12)
DA:10,1
DA:11,3
DA:12,2
DA:13,2
DA:14,2
DA:15,2
DA:16,2
DA:17,2
DA:18,2
DA:20,2
DA:21,2
DA:23,2
DA:25,2
DA:26,0
DA:27,0
DA:28,0
DA:32,0
DA:34,0
DA:35,0
DA:39,0
DA:40,0
DA:45,2
DA:46,0
DA:47,0
DA:50,2
DA:51,0
DA:52,0
DA:55,2
DA:56,0
DA:57,0
DA:58,0
DA:59,0
DA:66,2
DA:69,1
DA:70,1
DA:71,1
DA:72,1
DA:77,1
DA:78,1
DA:79,1
DA:80,1
DA:81,0
DA:82,0
DA:83,0
DA:84,0
DA:88,1
DA:93,0
DA:94,0
DA:95,0
DA:96,0
DA:97,0
DA:98,0
DA:99,0
DA:100,0
DA:104,1
DA:105,0
DA:110,2
DA:139,0
DA:142,0
DA:145,0
DA:162,0
LF:61
LH:28
BRDA:71,0,0,1
BRDA:71,0,1,0
BRDA:71,1,0,1
BRDA:71,1,1,1
BRDA:72,2,0,1
BRDA:72,2,1,0
BRDA:73,3,0,1
BRDA:73,3,1,1
BRDA:73,3,2,0
BRDA:73,3,3,0
BRDA:73,3,4,0
BRDA:73,3,5,0
BRDA:80,4,0,0
BRDA:80,4,1,1
BRDA:88,5,0,0
BRDA:88,5,1,1
BRDA:89,6,0,1
BRDA:89,6,1,0
BRDA:89,6,2,1
BRDA:89,6,3,0
BRDA:89,6,4,1
BRDA:89,6,5,1
BRDA:96,7,0,0
BRDA:96,7,1,0
BRDA:104,8,0,0
BRDA:104,8,1,1
BRDA:112,9,0,2
BRDA:112,9,1,2
BRDA:154,10,0,2
BRDA:154,10,1,0
BRDA:161,11,0,2
BRDA:161,11,1,0
BRF:32
BRH:17
end_of_record
TN:
SF:src\redux\combine.js
FNF:0
FNH:0
LF:0
LH:0
BRF:0
BRH:0
end_of_record
